# JRE version: Java(TM) SE Runtime Environment (21.0+35) (build 21+35-LTS-2513)
# Java VM: Java HotSpot(TM) 64-Bit Server VM (21+35-LTS-2513, mixed mode, sharing, tiered, compressed oops, compressed class ptrs, g1 gc, windows-amd64)
GC Precious Log:
 CardTable entry size: 512
 Card Set container configuration: InlinePtr #cards 4 size 8 Array Of Cards #cards 16 size 48 Howl #buckets 8 coarsen threshold 3686 Howl Bitmap #cards 512 size 80 coarsen threshold 460 Card regions per heap region 1 cards per card region 4096
 CPUs: 16 total, 16 available
 Memory: 16068M
 Large Page Support: Disabled
 NUMA Support: Disabled
 Compressed Oops: Enabled (Zero based)
 Heap Region Size: 2M
 Heap Min Capacity: 8M
 Heap Initial Capacity: 252M
 Heap Max Capacity: 4018M
 Pre-touch: Disabled
 Parallel Workers: 13
 Concurrent Workers: 3
 Concurrent Refinement Workers: 13
 Periodic GC: Disabled
Heap:
 garbage-first heap   total 88064K, used 55825K [0x0000000704e00000, 0x0000000800000000)
  region size 2048K, 10 young (20480K), 3 survivors (6144K)
 Metaspace       used 51717K, committed 51968K, reserved 1114112K
  class space    used 6037K, committed 6144K, reserved 1048576K
GC Heap History (18 events):
Event: 0.621 GC heap before
{Heap before GC invocations=0 (full 0):
 garbage-first heap   total 258048K, used 24576K [0x0000000704e00000, 0x0000000800000000)
  region size 2048K, 11 young (22528K), 0 survivors (0K)
 Metaspace       used 5944K, committed 6144K, reserved 1114112K
  class space    used 545K, committed 640K, reserved 1048576K
}
Event: 0.625 GC heap after
{Heap after GC invocations=1 (full 0):
 garbage-first heap   total 258048K, used 7045K [0x0000000704e00000, 0x0000000800000000)
  region size 2048K, 2 young (4096K), 2 survivors (4096K)
 Metaspace       used 5944K, committed 6144K, reserved 1114112K
  class space    used 545K, committed 640K, reserved 1048576K
}
Event: 1.133 GC heap before
{Heap before GC invocations=1 (full 0):
 garbage-first heap   total 258048K, used 39813K [0x0000000704e00000, 0x0000000800000000)
  region size 2048K, 19 young (38912K), 2 survivors (4096K)
 Metaspace       used 14384K, committed 14592K, reserved 1114112K
  class space    used 1650K, committed 1728K, reserved 1048576K
}
Event: 1.138 GC heap after
{Heap after GC invocations=2 (full 0):
 garbage-first heap   total 258048K, used 10242K [0x0000000704e00000, 0x0000000800000000)
  region size 2048K, 3 young (6144K), 3 survivors (6144K)
 Metaspace       used 14384K, committed 14592K, reserved 1114112K
  class space    used 1650K, committed 1728K, reserved 1048576K
}
Event: 1.609 GC heap before
{Heap before GC invocations=2 (full 0):
 garbage-first heap   total 258048K, used 26626K [0x0000000704e00000, 0x0000000800000000)
  region size 2048K, 13 young (26624K), 3 survivors (6144K)
 Metaspace       used 21279K, committed 21504K, reserved 1114112K
  class space    used 2940K, committed 3072K, reserved 1048576K
}
Event: 1.614 GC heap after
{Heap after GC invocations=3 (full 0):
 garbage-first heap   total 258048K, used 11033K [0x0000000704e00000, 0x0000000800000000)
  region size 2048K, 4 young (8192K), 4 survivors (8192K)
 Metaspace       used 21279K, committed 21504K, reserved 1114112K
  class space    used 2940K, committed 3072K, reserved 1048576K
}
Event: 3.694 GC heap before
{Heap before GC invocations=4 (full 0):
 garbage-first heap   total 55296K, used 51993K [0x0000000704e00000, 0x0000000800000000)
  region size 2048K, 24 young (49152K), 4 survivors (8192K)
 Metaspace       used 28267K, committed 28544K, reserved 1114112K
  class space    used 3747K, committed 3840K, reserved 1048576K
}
Event: 3.705 GC heap after
{Heap after GC invocations=5 (full 0):
 garbage-first heap   total 69632K, used 18434K [0x0000000704e00000, 0x0000000800000000)
  region size 2048K, 7 young (14336K), 7 survivors (14336K)
 Metaspace       used 28267K, committed 28544K, reserved 1114112K
  class space    used 3747K, committed 3840K, reserved 1048576K
}
Event: 4.264 GC heap before
{Heap before GC invocations=5 (full 0):
 garbage-first heap   total 69632K, used 45058K [0x0000000704e00000, 0x0000000800000000)
  region size 2048K, 20 young (40960K), 7 survivors (14336K)
 Metaspace       used 32014K, committed 32256K, reserved 1114112K
  class space    used 4108K, committed 4224K, reserved 1048576K
}
Event: 4.278 GC heap after
{Heap after GC invocations=6 (full 0):
 garbage-first heap   total 69632K, used 21512K [0x0000000704e00000, 0x0000000800000000)
  region size 2048K, 2 young (4096K), 2 survivors (4096K)
 Metaspace       used 32014K, committed 32256K, reserved 1114112K
  class space    used 4108K, committed 4224K, reserved 1048576K
}
Event: 4.880 GC heap before
{Heap before GC invocations=6 (full 0):
 garbage-first heap   total 69632K, used 35848K [0x0000000704e00000, 0x0000000800000000)
  region size 2048K, 10 young (20480K), 2 survivors (4096K)
 Metaspace       used 35754K, committed 35968K, reserved 1114112K
  class space    used 4453K, committed 4544K, reserved 1048576K
}
Event: 4.885 GC heap after
{Heap after GC invocations=7 (full 0):
 garbage-first heap   total 69632K, used 21975K [0x0000000704e00000, 0x0000000800000000)
  region size 2048K, 3 young (6144K), 3 survivors (6144K)
 Metaspace       used 35754K, committed 35968K, reserved 1114112K
  class space    used 4453K, committed 4544K, reserved 1048576K
}
Event: 6.045 GC heap before
{Heap before GC invocations=8 (full 0):
 garbage-first heap   total 69632K, used 54743K [0x0000000704e00000, 0x0000000800000000)
  region size 2048K, 19 young (38912K), 3 survivors (6144K)
 Metaspace       used 42250K, committed 42560K, reserved 1114112K
  class space    used 5089K, committed 5184K, reserved 1048576K
}
Event: 6.058 GC heap after
{Heap after GC invocations=9 (full 0):
 garbage-first heap   total 88064K, used 25402K [0x0000000704e00000, 0x0000000800000000)
  region size 2048K, 3 young (6144K), 3 survivors (6144K)
 Metaspace       used 42250K, committed 42560K, reserved 1114112K
  class space    used 5089K, committed 5184K, reserved 1048576K
}
Event: 7.089 GC heap before
{Heap before GC invocations=9 (full 0):
 garbage-first heap   total 88064K, used 68410K [0x0000000704e00000, 0x0000000800000000)
  region size 2048K, 25 young (51200K), 3 survivors (6144K)
 Metaspace       used 46743K, committed 47040K, reserved 1114112K
  class space    used 5529K, committed 5632K, reserved 1048576K
}
Event: 7.109 GC heap after
{Heap after GC invocations=10 (full 0):
 garbage-first heap   total 88064K, used 36836K [0x0000000704e00000, 0x0000000800000000)
  region size 2048K, 4 young (8192K), 4 survivors (8192K)
 Metaspace       used 46743K, committed 47040K, reserved 1114112K
  class space    used 5529K, committed 5632K, reserved 1048576K
}
Event: 8.537 GC heap before
{Heap before GC invocations=10 (full 0):
 garbage-first heap   total 88064K, used 69604K [0x0000000704e00000, 0x0000000800000000)
  region size 2048K, 20 young (40960K), 4 survivors (8192K)
 Metaspace       used 51405K, committed 51712K, reserved 1114112K
  class space    used 6009K, committed 6144K, reserved 1048576K
}
Event: 8.560 GC heap after
{Heap after GC invocations=11 (full 0):
 garbage-first heap   total 88064K, used 43537K [0x0000000704e00000, 0x0000000800000000)
  region size 2048K, 3 young (6144K), 3 survivors (6144K)
 Metaspace       used 51405K, committed 51712K, reserved 1114112K
  class space    used 6009K, committed 6144K, reserved 1048576K
}

