# JRE version: Java(TM) SE Runtime Environment (21.0+35) (build 21+35-LTS-2513)
# Java VM: Java HotSpot(TM) 64-Bit Server VM (21+35-LTS-2513, mixed mode, sharing, tiered, compressed oops, compressed class ptrs, g1 gc, windows-amd64)
GC Precious Log:
 CardTable entry size: 512
 Card Set container configuration: InlinePtr #cards 4 size 8 Array Of Cards #cards 16 size 48 Howl #buckets 8 coarsen threshold 3686 Howl Bitmap #cards 512 size 80 coarsen threshold 460 Card regions per heap region 1 cards per card region 4096
 CPUs: 16 total, 16 available
 Memory: 16068M
 Large Page Support: Disabled
 NUMA Support: Disabled
 Compressed Oops: Enabled (Zero based)
 Heap Region Size: 2M
 Heap Min Capacity: 8M
 Heap Initial Capacity: 252M
 Heap Max Capacity: 4018M
 Pre-touch: Disabled
 Parallel Workers: 13
 Concurrent Workers: 3
 Concurrent Refinement Workers: 13
 Periodic GC: Disabled
Heap:
 garbage-first heap   total 79872K, used 52537K [0x0000000704e00000, 0x0000000800000000)
  region size 2048K, 6 young (12288K), 2 survivors (4096K)
 Metaspace       used 57926K, committed 58240K, reserved 1114112K
  class space    used 6723K, committed 6848K, reserved 1048576K
GC Heap History (20 events):
Event: 1.813 GC heap before
{Heap before GC invocations=2 (full 0):
 garbage-first heap   total 258048K, used 26501K [0x0000000704e00000, 0x0000000800000000)
  region size 2048K, 12 young (24576K), 3 survivors (6144K)
 Metaspace       used 21271K, committed 21504K, reserved 1114112K
  class space    used 2938K, committed 3072K, reserved 1048576K
}
Event: 1.818 GC heap after
{Heap after GC invocations=3 (full 0):
 garbage-first heap   total 258048K, used 11333K [0x0000000704e00000, 0x0000000800000000)
  region size 2048K, 4 young (8192K), 4 survivors (8192K)
 Metaspace       used 21271K, committed 21504K, reserved 1114112K
  class space    used 2938K, committed 3072K, reserved 1048576K
}
Event: 2.757 GC heap before
{Heap before GC invocations=4 (full 0):
 garbage-first heap   total 49152K, used 48197K [0x0000000704e00000, 0x0000000800000000)
  region size 2048K, 22 young (45056K), 4 survivors (8192K)
 Metaspace       used 27542K, committed 27776K, reserved 1114112K
  class space    used 3674K, committed 3776K, reserved 1048576K
}
Event: 2.767 GC heap after
{Heap after GC invocations=5 (full 0):
 garbage-first heap   total 63488K, used 17456K [0x0000000704e00000, 0x0000000800000000)
  region size 2048K, 7 young (14336K), 7 survivors (14336K)
 Metaspace       used 27542K, committed 27776K, reserved 1114112K
  class space    used 3674K, committed 3776K, reserved 1048576K
}
Event: 3.954 GC heap before
{Heap before GC invocations=5 (full 0):
 garbage-first heap   total 63488K, used 37936K [0x0000000704e00000, 0x0000000800000000)
  region size 2048K, 18 young (36864K), 7 survivors (14336K)
 Metaspace       used 30679K, committed 30912K, reserved 1114112K
  class space    used 3993K, committed 4096K, reserved 1048576K
}
Event: 3.967 GC heap after
{Heap after GC invocations=6 (full 0):
 garbage-first heap   total 63488K, used 21417K [0x0000000704e00000, 0x0000000800000000)
  region size 2048K, 3 young (6144K), 3 survivors (6144K)
 Metaspace       used 30679K, committed 30912K, reserved 1114112K
  class space    used 3993K, committed 4096K, reserved 1048576K
}
Event: 5.009 GC heap before
{Heap before GC invocations=6 (full 0):
 garbage-first heap   total 63488K, used 41897K [0x0000000704e00000, 0x0000000800000000)
  region size 2048K, 14 young (28672K), 3 survivors (6144K)
 Metaspace       used 35752K, committed 35968K, reserved 1114112K
  class space    used 4460K, committed 4544K, reserved 1048576K
}
Event: 5.015 GC heap after
{Heap after GC invocations=7 (full 0):
 garbage-first heap   total 63488K, used 22528K [0x0000000704e00000, 0x0000000800000000)
  region size 2048K, 1 young (2048K), 1 survivors (2048K)
 Metaspace       used 35752K, committed 35968K, reserved 1114112K
  class space    used 4460K, committed 4544K, reserved 1048576K
}
Event: 6.152 GC heap before
{Heap before GC invocations=8 (full 0):
 garbage-first heap   total 63488K, used 51200K [0x0000000704e00000, 0x0000000800000000)
  region size 2048K, 15 young (30720K), 1 survivors (2048K)
 Metaspace       used 43129K, committed 43392K, reserved 1114112K
  class space    used 5244K, committed 5376K, reserved 1048576K
}
Event: 6.157 GC heap after
{Heap after GC invocations=9 (full 0):
 garbage-first heap   total 63488K, used 23071K [0x0000000704e00000, 0x0000000800000000)
  region size 2048K, 2 young (4096K), 2 survivors (4096K)
 Metaspace       used 43129K, committed 43392K, reserved 1114112K
  class space    used 5244K, committed 5376K, reserved 1048576K
}
Event: 6.718 GC heap before
{Heap before GC invocations=9 (full 0):
 garbage-first heap   total 63488K, used 49695K [0x0000000704e00000, 0x0000000800000000)
  region size 2048K, 16 young (32768K), 2 survivors (4096K)
 Metaspace       used 44534K, committed 44864K, reserved 1114112K
  class space    used 5375K, committed 5504K, reserved 1048576K
}
Event: 6.731 GC heap after
{Heap after GC invocations=10 (full 0):
 garbage-first heap   total 65536K, used 32591K [0x0000000704e00000, 0x0000000800000000)
  region size 2048K, 2 young (4096K), 2 survivors (4096K)
 Metaspace       used 44534K, committed 44864K, reserved 1114112K
  class space    used 5375K, committed 5504K, reserved 1048576K
}
Event: 7.388 GC heap before
{Heap before GC invocations=10 (full 0):
 garbage-first heap   total 65536K, used 51023K [0x0000000704e00000, 0x0000000800000000)
  region size 2048K, 11 young (22528K), 2 survivors (4096K)
 Metaspace       used 47835K, committed 48128K, reserved 1114112K
  class space    used 5753K, committed 5888K, reserved 1048576K
}
Event: 7.399 GC heap after
{Heap after GC invocations=11 (full 0):
 garbage-first heap   total 65536K, used 35995K [0x0000000704e00000, 0x0000000800000000)
  region size 2048K, 2 young (4096K), 2 survivors (4096K)
 Metaspace       used 47835K, committed 48128K, reserved 1114112K
  class space    used 5753K, committed 5888K, reserved 1048576K
}
Event: 8.100 GC heap before
{Heap before GC invocations=11 (full 0):
 garbage-first heap   total 65536K, used 52379K [0x0000000704e00000, 0x0000000800000000)
  region size 2048K, 10 young (20480K), 2 survivors (4096K)
 Metaspace       used 50146K, committed 50496K, reserved 1114112K
  class space    used 6012K, committed 6144K, reserved 1048576K
}
Event: 8.109 GC heap after
{Heap after GC invocations=12 (full 0):
 garbage-first heap   total 79872K, used 39493K [0x0000000704e00000, 0x0000000800000000)
  region size 2048K, 2 young (4096K), 2 survivors (4096K)
 Metaspace       used 50146K, committed 50496K, reserved 1114112K
  class space    used 6012K, committed 6144K, reserved 1048576K
}
Event: 9.432 GC heap before
{Heap before GC invocations=13 (full 0):
 garbage-first heap   total 79872K, used 62021K [0x0000000704e00000, 0x0000000800000000)
  region size 2048K, 13 young (26624K), 2 survivors (4096K)
 Metaspace       used 52119K, committed 52416K, reserved 1114112K
  class space    used 6174K, committed 6272K, reserved 1048576K
}
Event: 9.443 GC heap after
{Heap after GC invocations=14 (full 0):
 garbage-first heap   total 79872K, used 43293K [0x0000000704e00000, 0x0000000800000000)
  region size 2048K, 2 young (4096K), 2 survivors (4096K)
 Metaspace       used 52119K, committed 52416K, reserved 1114112K
  class space    used 6174K, committed 6272K, reserved 1048576K
}
Event: 10.103 GC heap before
{Heap before GC invocations=14 (full 0):
 garbage-first heap   total 79872K, used 61725K [0x0000000704e00000, 0x0000000800000000)
  region size 2048K, 12 young (24576K), 2 survivors (4096K)
 Metaspace       used 56165K, committed 56448K, reserved 1114112K
  class space    used 6559K, committed 6656K, reserved 1048576K
}
Event: 10.115 GC heap after
{Heap after GC invocations=15 (full 0):
 garbage-first heap   total 79872K, used 46393K [0x0000000704e00000, 0x0000000800000000)
  region size 2048K, 2 young (4096K), 2 survivors (4096K)
 Metaspace       used 56165K, committed 56448K, reserved 1114112K
  class space    used 6559K, committed 6656K, reserved 1048576K
}

