# JRE version: Java(TM) SE Runtime Environment (21.0+35) (build 21+35-LTS-2513)
# Java VM: Java HotSpot(TM) 64-Bit Server VM (21+35-LTS-2513, mixed mode, sharing, tiered, compressed oops, compressed class ptrs, g1 gc, windows-amd64)
GC Precious Log:
 CardTable entry size: 512
 Card Set container configuration: InlinePtr #cards 4 size 8 Array Of Cards #cards 16 size 48 Howl #buckets 8 coarsen threshold 3686 Howl Bitmap #cards 512 size 80 coarsen threshold 460 Card regions per heap region 1 cards per card region 4096
 CPUs: 16 total, 16 available
 Memory: 16068M
 Large Page Support: Disabled
 NUMA Support: Disabled
 Compressed Oops: Enabled (Zero based)
 Heap Region Size: 2M
 Heap Min Capacity: 8M
 Heap Initial Capacity: 252M
 Heap Max Capacity: 4018M
 Pre-touch: Disabled
 Parallel Workers: 13
 Concurrent Workers: 3
 Concurrent Refinement Workers: 13
 Periodic GC: Disabled
Heap:
 garbage-first heap   total 65536K, used 47104K [0x0000000704e00000, 0x0000000800000000)
  region size 2048K, 10 young (20480K), 2 survivors (4096K)
 Metaspace       used 45240K, committed 45568K, reserved 1114112K
  class space    used 5426K, committed 5568K, reserved 1048576K
GC Heap History (16 events):
Event: 5.568 GC heap before
{Heap before GC invocations=0 (full 0):
 garbage-first heap   total 258048K, used 26624K [0x0000000704e00000, 0x0000000800000000)
  region size 2048K, 11 young (22528K), 0 survivors (0K)
 Metaspace       used 5855K, committed 6080K, reserved 1114112K
  class space    used 534K, committed 640K, reserved 1048576K
}
Event: 5.598 GC heap after
{Heap after GC invocations=1 (full 0):
 garbage-first heap   total 258048K, used 6975K [0x0000000704e00000, 0x0000000800000000)
  region size 2048K, 2 young (4096K), 2 survivors (4096K)
 Metaspace       used 5855K, committed 6080K, reserved 1114112K
  class space    used 534K, committed 640K, reserved 1048576K
}
Event: 8.167 GC heap before
{Heap before GC invocations=1 (full 0):
 garbage-first heap   total 258048K, used 41791K [0x0000000704e00000, 0x0000000800000000)
  region size 2048K, 20 young (40960K), 2 survivors (4096K)
 Metaspace       used 15102K, committed 15296K, reserved 1114112K
  class space    used 1706K, committed 1792K, reserved 1048576K
}
Event: 8.172 GC heap after
{Heap after GC invocations=2 (full 0):
 garbage-first heap   total 258048K, used 10096K [0x0000000704e00000, 0x0000000800000000)
  region size 2048K, 3 young (6144K), 3 survivors (6144K)
 Metaspace       used 15102K, committed 15296K, reserved 1114112K
  class space    used 1706K, committed 1792K, reserved 1048576K
}
Event: 8.998 GC heap before
{Heap before GC invocations=2 (full 0):
 garbage-first heap   total 258048K, used 26480K [0x0000000704e00000, 0x0000000800000000)
  region size 2048K, 12 young (24576K), 3 survivors (6144K)
 Metaspace       used 21284K, committed 21504K, reserved 1114112K
  class space    used 2936K, committed 3072K, reserved 1048576K
}
Event: 9.003 GC heap after
{Heap after GC invocations=3 (full 0):
 garbage-first heap   total 258048K, used 11345K [0x0000000704e00000, 0x0000000800000000)
  region size 2048K, 4 young (8192K), 4 survivors (8192K)
 Metaspace       used 21284K, committed 21504K, reserved 1114112K
  class space    used 2936K, committed 3072K, reserved 1048576K
}
Event: 10.614 GC heap before
{Heap before GC invocations=4 (full 0):
 garbage-first heap   total 49152K, used 48209K [0x0000000704e00000, 0x0000000800000000)
  region size 2048K, 22 young (45056K), 4 survivors (8192K)
 Metaspace       used 27319K, committed 27584K, reserved 1114112K
  class space    used 3638K, committed 3776K, reserved 1048576K
}
Event: 10.624 GC heap after
{Heap after GC invocations=5 (full 0):
 garbage-first heap   total 63488K, used 17453K [0x0000000704e00000, 0x0000000800000000)
  region size 2048K, 7 young (14336K), 7 survivors (14336K)
 Metaspace       used 27319K, committed 27584K, reserved 1114112K
  class space    used 3638K, committed 3776K, reserved 1048576K
}
Event: 11.272 GC heap before
{Heap before GC invocations=5 (full 0):
 garbage-first heap   total 63488K, used 39981K [0x0000000704e00000, 0x0000000800000000)
  region size 2048K, 18 young (36864K), 7 survivors (14336K)
 Metaspace       used 30525K, committed 30784K, reserved 1114112K
  class space    used 3973K, committed 4096K, reserved 1048576K
}
Event: 11.286 GC heap after
{Heap after GC invocations=6 (full 0):
 garbage-first heap   total 63488K, used 21668K [0x0000000704e00000, 0x0000000800000000)
  region size 2048K, 3 young (6144K), 3 survivors (6144K)
 Metaspace       used 30525K, committed 30784K, reserved 1114112K
  class space    used 3973K, committed 4096K, reserved 1048576K
}
Event: 12.503 GC heap before
{Heap before GC invocations=6 (full 0):
 garbage-first heap   total 63488K, used 44196K [0x0000000704e00000, 0x0000000800000000)
  region size 2048K, 15 young (30720K), 3 survivors (6144K)
 Metaspace       used 35730K, committed 35968K, reserved 1114112K
  class space    used 4454K, committed 4544K, reserved 1048576K
}
Event: 12.509 GC heap after
{Heap after GC invocations=7 (full 0):
 garbage-first heap   total 63488K, used 23380K [0x0000000704e00000, 0x0000000800000000)
  region size 2048K, 1 young (2048K), 1 survivors (2048K)
 Metaspace       used 35730K, committed 35968K, reserved 1114112K
  class space    used 4454K, committed 4544K, reserved 1048576K
}
Event: 14.255 GC heap before
{Heap before GC invocations=8 (full 0):
 garbage-first heap   total 63488K, used 47956K [0x0000000704e00000, 0x0000000800000000)
  region size 2048K, 14 young (28672K), 1 survivors (2048K)
 Metaspace       used 42647K, committed 42944K, reserved 1114112K
  class space    used 5172K, committed 5312K, reserved 1048576K
}
Event: 14.261 GC heap after
{Heap after GC invocations=9 (full 0):
 garbage-first heap   total 63488K, used 24347K [0x0000000704e00000, 0x0000000800000000)
  region size 2048K, 2 young (4096K), 2 survivors (4096K)
 Metaspace       used 42647K, committed 42944K, reserved 1114112K
  class space    used 5172K, committed 5312K, reserved 1048576K
}
Event: 14.590 GC heap before
{Heap before GC invocations=9 (full 0):
 garbage-first heap   total 63488K, used 48923K [0x0000000704e00000, 0x0000000800000000)
  region size 2048K, 15 young (30720K), 2 survivors (4096K)
 Metaspace       used 43705K, committed 43968K, reserved 1114112K
  class space    used 5266K, committed 5376K, reserved 1048576K
}
Event: 14.606 GC heap after
{Heap after GC invocations=10 (full 0):
 garbage-first heap   total 65536K, used 32768K [0x0000000704e00000, 0x0000000800000000)
  region size 2048K, 2 young (4096K), 2 survivors (4096K)
 Metaspace       used 43705K, committed 43968K, reserved 1114112K
  class space    used 5266K, committed 5376K, reserved 1048576K
}

