# JRE version: Java(TM) SE Runtime Environment (21.0+35) (build 21+35-LTS-2513)
# Java VM: Java HotSpot(TM) 64-Bit Server VM (21+35-LTS-2513, mixed mode, sharing, tiered, compressed oops, compressed class ptrs, g1 gc, windows-amd64)
GC Precious Log:
 CardTable entry size: 512
 Card Set container configuration: InlinePtr #cards 4 size 8 Array Of Cards #cards 16 size 48 Howl #buckets 8 coarsen threshold 3686 Howl Bitmap #cards 512 size 80 coarsen threshold 460 Card regions per heap region 1 cards per card region 4096
 CPUs: 16 total, 16 available
 Memory: 16068M
 Large Page Support: Disabled
 NUMA Support: Disabled
 Compressed Oops: Enabled (Zero based)
 Heap Region Size: 2M
 Heap Min Capacity: 8M
 Heap Initial Capacity: 252M
 Heap Max Capacity: 4018M
 Pre-touch: Disabled
 Parallel Workers: 13
 Concurrent Workers: 3
 Concurrent Refinement Workers: 13
 Periodic GC: Disabled
Heap:
 garbage-first heap   total 49152K, used 29359K [0x0000000704e00000, 0x0000000800000000)
  region size 2048K, 14 young (28672K), 4 survivors (8192K)
 Metaspace       used 23303K, committed 23616K, reserved 1114112K
  class space    used 3202K, committed 3328K, reserved 1048576K
GC Heap History (6 events):
Event: 2.076 GC heap before
{Heap before GC invocations=0 (full 0):
 garbage-first heap   total 258048K, used 24576K [0x0000000704e00000, 0x0000000800000000)
  region size 2048K, 11 young (22528K), 0 survivors (0K)
 Metaspace       used 6075K, committed 6272K, reserved 1114112K
  class space    used 560K, committed 640K, reserved 1048576K
}
Event: 2.192 GC heap after
{Heap after GC invocations=1 (full 0):
 garbage-first heap   total 258048K, used 7103K [0x0000000704e00000, 0x0000000800000000)
  region size 2048K, 2 young (4096K), 2 survivors (4096K)
 Metaspace       used 6075K, committed 6272K, reserved 1114112K
  class space    used 560K, committed 640K, reserved 1048576K
}
Event: 4.276 GC heap before
{Heap before GC invocations=1 (full 0):
 garbage-first heap   total 258048K, used 41919K [0x0000000704e00000, 0x0000000800000000)
  region size 2048K, 20 young (40960K), 2 survivors (4096K)
 Metaspace       used 15287K, committed 15424K, reserved 1114112K
  class space    used 1738K, committed 1792K, reserved 1048576K
}
Event: 4.282 GC heap after
{Heap after GC invocations=2 (full 0):
 garbage-first heap   total 258048K, used 10097K [0x0000000704e00000, 0x0000000800000000)
  region size 2048K, 3 young (6144K), 3 survivors (6144K)
 Metaspace       used 15287K, committed 15424K, reserved 1114112K
  class space    used 1738K, committed 1792K, reserved 1048576K
}
Event: 4.842 GC heap before
{Heap before GC invocations=2 (full 0):
 garbage-first heap   total 258048K, used 26481K [0x0000000704e00000, 0x0000000800000000)
  region size 2048K, 12 young (24576K), 3 survivors (6144K)
 Metaspace       used 21288K, committed 21504K, reserved 1114112K
  class space    used 2937K, committed 3072K, reserved 1048576K
}
Event: 4.846 GC heap after
{Heap after GC invocations=3 (full 0):
 garbage-first heap   total 258048K, used 10927K [0x0000000704e00000, 0x0000000800000000)
  region size 2048K, 4 young (8192K), 4 survivors (8192K)
 Metaspace       used 21288K, committed 21504K, reserved 1114112K
  class space    used 2937K, committed 3072K, reserved 1048576K
}

