# JRE version: Java(TM) SE Runtime Environment (21.0+35) (build 21+35-LTS-2513)
# Java VM: Java HotSpot(TM) 64-Bit Server VM (21+35-LTS-2513, mixed mode, sharing, tiered, compressed oops, compressed class ptrs, g1 gc, windows-amd64)
GC Precious Log:
 CardTable entry size: 512
 Card Set container configuration: InlinePtr #cards 4 size 8 Array Of Cards #cards 16 size 48 Howl #buckets 8 coarsen threshold 3686 Howl Bitmap #cards 512 size 80 coarsen threshold 460 Card regions per heap region 1 cards per card region 4096
 CPUs: 16 total, 16 available
 Memory: 16068M
 Large Page Support: Disabled
 NUMA Support: Disabled
 Compressed Oops: Enabled (Zero based)
 Heap Region Size: 2M
 Heap Min Capacity: 8M
 Heap Initial Capacity: 252M
 Heap Max Capacity: 4018M
 Pre-touch: Disabled
 Parallel Workers: 13
 Concurrent Workers: 3
 Concurrent Refinement Workers: 13
 Periodic GC: Disabled
Heap:
 garbage-first heap   total 79872K, used 40617K [0x0000000704e00000, 0x0000000800000000)
  region size 2048K, 5 young (10240K), 2 survivors (4096K)
 Metaspace       used 48148K, committed 48448K, reserved 1114112K
  class space    used 5772K, committed 5888K, reserved 1048576K
GC Heap History (18 events):
Event: 4.183 GC heap before
{Heap before GC invocations=0 (full 0):
 garbage-first heap   total 258048K, used 26624K [0x0000000704e00000, 0x0000000800000000)
  region size 2048K, 11 young (22528K), 0 survivors (0K)
 Metaspace       used 5911K, committed 6080K, reserved 1114112K
  class space    used 540K, committed 640K, reserved 1048576K
}
Event: 4.342 GC heap after
{Heap after GC invocations=1 (full 0):
 garbage-first heap   total 258048K, used 6853K [0x0000000704e00000, 0x0000000800000000)
  region size 2048K, 2 young (4096K), 2 survivors (4096K)
 Metaspace       used 5911K, committed 6080K, reserved 1114112K
  class space    used 540K, committed 640K, reserved 1048576K
}
Event: 6.855 GC heap before
{Heap before GC invocations=1 (full 0):
 garbage-first heap   total 258048K, used 41669K [0x0000000704e00000, 0x0000000800000000)
  region size 2048K, 20 young (40960K), 2 survivors (4096K)
 Metaspace       used 15165K, committed 15360K, reserved 1114112K
  class space    used 1716K, committed 1792K, reserved 1048576K
}
Event: 6.861 GC heap after
{Heap after GC invocations=2 (full 0):
 garbage-first heap   total 258048K, used 10140K [0x0000000704e00000, 0x0000000800000000)
  region size 2048K, 3 young (6144K), 3 survivors (6144K)
 Metaspace       used 15165K, committed 15360K, reserved 1114112K
  class space    used 1716K, committed 1792K, reserved 1048576K
}
Event: 7.773 GC heap before
{Heap before GC invocations=2 (full 0):
 garbage-first heap   total 258048K, used 26524K [0x0000000704e00000, 0x0000000800000000)
  region size 2048K, 12 young (24576K), 3 survivors (6144K)
 Metaspace       used 21281K, committed 21504K, reserved 1114112K
  class space    used 2936K, committed 3072K, reserved 1048576K
}
Event: 7.778 GC heap after
{Heap after GC invocations=3 (full 0):
 garbage-first heap   total 258048K, used 11457K [0x0000000704e00000, 0x0000000800000000)
  region size 2048K, 4 young (8192K), 4 survivors (8192K)
 Metaspace       used 21281K, committed 21504K, reserved 1114112K
  class space    used 2936K, committed 3072K, reserved 1048576K
}
Event: 9.802 GC heap before
{Heap before GC invocations=4 (full 0):
 garbage-first heap   total 49152K, used 48321K [0x0000000704e00000, 0x0000000800000000)
  region size 2048K, 22 young (45056K), 4 survivors (8192K)
 Metaspace       used 27817K, committed 28096K, reserved 1114112K
  class space    used 3692K, committed 3840K, reserved 1048576K
}
Event: 9.812 GC heap after
{Heap after GC invocations=5 (full 0):
 garbage-first heap   total 63488K, used 17995K [0x0000000704e00000, 0x0000000800000000)
  region size 2048K, 7 young (14336K), 7 survivors (14336K)
 Metaspace       used 27817K, committed 28096K, reserved 1114112K
  class space    used 3692K, committed 3840K, reserved 1048576K
}
Event: 10.412 GC heap before
{Heap before GC invocations=5 (full 0):
 garbage-first heap   total 63488K, used 40523K [0x0000000704e00000, 0x0000000800000000)
  region size 2048K, 18 young (36864K), 7 survivors (14336K)
 Metaspace       used 30661K, committed 30912K, reserved 1114112K
  class space    used 3985K, committed 4096K, reserved 1048576K
}
Event: 10.426 GC heap after
{Heap after GC invocations=6 (full 0):
 garbage-first heap   total 63488K, used 21675K [0x0000000704e00000, 0x0000000800000000)
  region size 2048K, 3 young (6144K), 3 survivors (6144K)
 Metaspace       used 30661K, committed 30912K, reserved 1114112K
  class space    used 3985K, committed 4096K, reserved 1048576K
}
Event: 11.349 GC heap before
{Heap before GC invocations=6 (full 0):
 garbage-first heap   total 63488K, used 42155K [0x0000000704e00000, 0x0000000800000000)
  region size 2048K, 15 young (30720K), 3 survivors (6144K)
 Metaspace       used 35932K, committed 36160K, reserved 1114112K
  class space    used 4462K, committed 4544K, reserved 1048576K
}
Event: 11.355 GC heap after
{Heap after GC invocations=7 (full 0):
 garbage-first heap   total 63488K, used 22921K [0x0000000704e00000, 0x0000000800000000)
  region size 2048K, 1 young (2048K), 1 survivors (2048K)
 Metaspace       used 35932K, committed 36160K, reserved 1114112K
  class space    used 4462K, committed 4544K, reserved 1048576K
}
Event: 13.294 GC heap before
{Heap before GC invocations=8 (full 0):
 garbage-first heap   total 63488K, used 49545K [0x0000000704e00000, 0x0000000800000000)
  region size 2048K, 15 young (30720K), 1 survivors (2048K)
 Metaspace       used 43304K, committed 43584K, reserved 1114112K
  class space    used 5251K, committed 5376K, reserved 1048576K
}
Event: 13.299 GC heap after
{Heap after GC invocations=9 (full 0):
 garbage-first heap   total 63488K, used 24023K [0x0000000704e00000, 0x0000000800000000)
  region size 2048K, 2 young (4096K), 2 survivors (4096K)
 Metaspace       used 43304K, committed 43584K, reserved 1114112K
  class space    used 5251K, committed 5376K, reserved 1048576K
}
Event: 13.913 GC heap before
{Heap before GC invocations=9 (full 0):
 garbage-first heap   total 63488K, used 48599K [0x0000000704e00000, 0x0000000800000000)
  region size 2048K, 15 young (30720K), 2 survivors (4096K)
 Metaspace       used 44300K, committed 44608K, reserved 1114112K
  class space    used 5353K, committed 5440K, reserved 1048576K
}
Event: 13.927 GC heap after
{Heap after GC invocations=10 (full 0):
 garbage-first heap   total 65536K, used 32768K [0x0000000704e00000, 0x0000000800000000)
  region size 2048K, 2 young (4096K), 2 survivors (4096K)
 Metaspace       used 44300K, committed 44608K, reserved 1114112K
  class space    used 5353K, committed 5440K, reserved 1048576K
}
Event: 14.653 GC heap before
{Heap before GC invocations=10 (full 0):
 garbage-first heap   total 65536K, used 53248K [0x0000000704e00000, 0x0000000800000000)
  region size 2048K, 12 young (24576K), 2 survivors (4096K)
 Metaspace       used 47887K, committed 48192K, reserved 1114112K
  class space    used 5751K, committed 5888K, reserved 1048576K
}
Event: 14.664 GC heap after
{Heap after GC invocations=11 (full 0):
 garbage-first heap   total 79872K, used 36521K [0x0000000704e00000, 0x0000000800000000)
  region size 2048K, 2 young (4096K), 2 survivors (4096K)
 Metaspace       used 47887K, committed 48192K, reserved 1114112K
  class space    used 5751K, committed 5888K, reserved 1048576K
}

