# JRE version: Java(TM) SE Runtime Environment (21.0+35) (build 21+35-LTS-2513)
# Java VM: Java HotSpot(TM) 64-Bit Server VM (21+35-LTS-2513, mixed mode, sharing, tiered, compressed oops, compressed class ptrs, g1 gc, windows-amd64)
GC Precious Log:
 CardTable entry size: 512
 Card Set container configuration: InlinePtr #cards 4 size 8 Array Of Cards #cards 32 size 80 Howl #buckets 8 coarsen threshold 7372 Howl Bitmap #cards 1024 size 144 coarsen threshold 921 Card regions per heap region 1 cards per card region 8192
 CPUs: 16 total, 16 available
 Memory: 16068M
 Large Page Support: Disabled
 NUMA Support: Disabled
 Compressed Oops: Enabled (Zero based)
 Heap Region Size: 4M
 Heap Min Capacity: 8M
 Heap Initial Capacity: 252M
 Heap Max Capacity: 8G
 Pre-touch: Disabled
 Parallel Workers: 13
 Concurrent Workers: 3
 Concurrent Refinement Workers: 13
 Periodic GC: Disabled
Heap:
 garbage-first heap   total 532480K, used 286617K [0x0000000600000000, 0x0000000800000000)
  region size 4096K, 9 young (36864K), 7 survivors (28672K)
 Metaspace       used 119979K, committed 122880K, reserved 1179648K
  class space    used 16691K, committed 18112K, reserved 1048576K
GC Heap History (20 events):
Event: 18.960 GC heap before
{Heap before GC invocations=42 (full 0):
 garbage-first heap   total 348160K, used 229568K [0x0000000600000000, 0x0000000800000000)
  region size 4096K, 19 young (77824K), 2 survivors (8192K)
 Metaspace       used 108633K, committed 111296K, reserved 1179648K
  class space    used 15247K, committed 16576K, reserved 1048576K
}
Event: 18.964 GC heap after
{Heap after GC invocations=43 (full 0):
 garbage-first heap   total 348160K, used 166482K [0x0000000600000000, 0x0000000800000000)
  region size 4096K, 2 young (8192K), 2 survivors (8192K)
 Metaspace       used 108633K, committed 111296K, reserved 1179648K
  class space    used 15247K, committed 16576K, reserved 1048576K
}
Event: 19.419 GC heap before
{Heap before GC invocations=43 (full 0):
 garbage-first heap   total 348160K, used 297554K [0x0000000600000000, 0x0000000800000000)
  region size 4096K, 34 young (139264K), 2 survivors (8192K)
 Metaspace       used 108932K, committed 111552K, reserved 1179648K
  class space    used 15282K, committed 16576K, reserved 1048576K
}
Event: 19.428 GC heap after
{Heap after GC invocations=44 (full 0):
 garbage-first heap   total 348160K, used 179454K [0x0000000600000000, 0x0000000800000000)
  region size 4096K, 5 young (20480K), 5 survivors (20480K)
 Metaspace       used 108932K, committed 111552K, reserved 1179648K
  class space    used 15282K, committed 16576K, reserved 1048576K
}
Event: 19.800 GC heap before
{Heap before GC invocations=44 (full 0):
 garbage-first heap   total 348160K, used 298238K [0x0000000600000000, 0x0000000800000000)
  region size 4096K, 35 young (143360K), 5 survivors (20480K)
 Metaspace       used 109122K, committed 111744K, reserved 1179648K
  class space    used 15300K, committed 16640K, reserved 1048576K
}
Event: 19.807 GC heap after
{Heap after GC invocations=45 (full 0):
 garbage-first heap   total 417792K, used 184508K [0x0000000600000000, 0x0000000800000000)
  region size 4096K, 2 young (8192K), 2 survivors (8192K)
 Metaspace       used 109122K, committed 111744K, reserved 1179648K
  class space    used 15300K, committed 16640K, reserved 1048576K
}
Event: 20.571 GC heap before
{Heap before GC invocations=45 (full 0):
 garbage-first heap   total 417792K, used 364732K [0x0000000600000000, 0x0000000800000000)
  region size 4096K, 46 young (188416K), 2 survivors (8192K)
 Metaspace       used 109428K, committed 112128K, reserved 1179648K
  class space    used 15341K, committed 16640K, reserved 1048576K
}
Event: 20.578 GC heap after
{Heap after GC invocations=46 (full 0):
 garbage-first heap   total 417792K, used 203871K [0x0000000600000000, 0x0000000800000000)
  region size 4096K, 6 young (24576K), 6 survivors (24576K)
 Metaspace       used 109428K, committed 112128K, reserved 1179648K
  class space    used 15341K, committed 16640K, reserved 1048576K
}
Event: 21.178 GC heap before
{Heap before GC invocations=46 (full 0):
 garbage-first heap   total 417792K, used 359519K [0x0000000600000000, 0x0000000800000000)
  region size 4096K, 45 young (184320K), 6 survivors (24576K)
 Metaspace       used 109610K, committed 112320K, reserved 1179648K
  class space    used 15367K, committed 16704K, reserved 1048576K
}
Event: 21.185 GC heap after
{Heap after GC invocations=47 (full 0):
 garbage-first heap   total 417792K, used 216760K [0x0000000600000000, 0x0000000800000000)
  region size 4096K, 4 young (16384K), 4 survivors (16384K)
 Metaspace       used 109610K, committed 112320K, reserved 1179648K
  class space    used 15367K, committed 16704K, reserved 1048576K
}
Event: 22.331 GC heap before
{Heap before GC invocations=48 (full 0):
 garbage-first heap   total 417792K, used 364216K [0x0000000600000000, 0x0000000800000000)
  region size 4096K, 41 young (167936K), 4 survivors (16384K)
 Metaspace       used 110279K, committed 113024K, reserved 1179648K
  class space    used 15443K, committed 16768K, reserved 1048576K
}
Event: 22.342 GC heap after
{Heap after GC invocations=49 (full 0):
 garbage-first heap   total 417792K, used 235935K [0x0000000600000000, 0x0000000800000000)
  region size 4096K, 6 young (24576K), 6 survivors (24576K)
 Metaspace       used 110279K, committed 113024K, reserved 1179648K
  class space    used 15443K, committed 16768K, reserved 1048576K
}
Event: 22.707 GC heap before
{Heap before GC invocations=49 (full 0):
 garbage-first heap   total 417792K, used 358815K [0x0000000600000000, 0x0000000800000000)
  region size 4096K, 37 young (151552K), 6 survivors (24576K)
 Metaspace       used 110393K, committed 113216K, reserved 1179648K
  class space    used 15457K, committed 16832K, reserved 1048576K
}
Event: 22.717 GC heap after
{Heap after GC invocations=50 (full 0):
 garbage-first heap   total 417792K, used 240023K [0x0000000600000000, 0x0000000800000000)
  region size 4096K, 3 young (12288K), 3 survivors (12288K)
 Metaspace       used 110393K, committed 113216K, reserved 1179648K
  class space    used 15457K, committed 16832K, reserved 1048576K
}
Event: 23.260 GC heap before
{Heap before GC invocations=50 (full 0):
 garbage-first heap   total 417792K, used 366999K [0x0000000600000000, 0x0000000800000000)
  region size 4096K, 35 young (143360K), 3 survivors (12288K)
 Metaspace       used 110788K, committed 113600K, reserved 1179648K
  class space    used 15496K, committed 16896K, reserved 1048576K
}
Event: 23.269 GC heap after
{Heap after GC invocations=51 (full 0):
 garbage-first heap   total 417792K, used 248401K [0x0000000600000000, 0x0000000800000000)
  region size 4096K, 5 young (20480K), 5 survivors (20480K)
 Metaspace       used 110788K, committed 113600K, reserved 1179648K
  class space    used 15496K, committed 16896K, reserved 1048576K
}
Event: 23.706 GC heap before
{Heap before GC invocations=52 (full 0):
 garbage-first heap   total 532480K, used 358993K [0x0000000600000000, 0x0000000800000000)
  region size 4096K, 33 young (135168K), 5 survivors (20480K)
 Metaspace       used 110814K, committed 113664K, reserved 1179648K
  class space    used 15496K, committed 16896K, reserved 1048576K
}
Event: 23.713 GC heap after
{Heap after GC invocations=53 (full 0):
 garbage-first heap   total 532480K, used 253026K [0x0000000600000000, 0x0000000800000000)
  region size 4096K, 2 young (8192K), 2 survivors (8192K)
 Metaspace       used 110814K, committed 113664K, reserved 1179648K
  class space    used 15496K, committed 16896K, reserved 1048576K
}
Event: 26.443 GC heap before
{Heap before GC invocations=53 (full 0):
 garbage-first heap   total 532480K, used 457826K [0x0000000600000000, 0x0000000800000000)
  region size 4096K, 53 young (217088K), 2 survivors (8192K)
 Metaspace       used 119460K, committed 122304K, reserved 1179648K
  class space    used 16595K, committed 17984K, reserved 1048576K
}
Event: 26.459 GC heap after
{Heap after GC invocations=54 (full 0):
 garbage-first heap   total 532480K, used 282521K [0x0000000600000000, 0x0000000800000000)
  region size 4096K, 7 young (28672K), 7 survivors (28672K)
 Metaspace       used 119460K, committed 122304K, reserved 1179648K
  class space    used 16595K, committed 17984K, reserved 1048576K
}

