# JRE version: Java(TM) SE Runtime Environment (21.0+35) (build 21+35-LTS-2513)
# Java VM: Java HotSpot(TM) 64-Bit Server VM (21+35-LTS-2513, mixed mode, sharing, tiered, compressed oops, compressed class ptrs, g1 gc, windows-amd64)
GC Precious Log:
 CardTable entry size: 512
 Card Set container configuration: InlinePtr #cards 4 size 8 Array Of Cards #cards 16 size 48 Howl #buckets 8 coarsen threshold 3686 Howl Bitmap #cards 512 size 80 coarsen threshold 460 Card regions per heap region 1 cards per card region 4096
 CPUs: 16 total, 16 available
 Memory: 16068M
 Large Page Support: Disabled
 NUMA Support: Disabled
 Compressed Oops: Enabled (Zero based)
 Heap Region Size: 2M
 Heap Min Capacity: 8M
 Heap Initial Capacity: 252M
 Heap Max Capacity: 4018M
 Pre-touch: Disabled
 Parallel Workers: 13
 Concurrent Workers: 3
 Concurrent Refinement Workers: 13
 Periodic GC: Disabled
Heap:
 garbage-first heap   total 100352K, used 83043K [0x0000000704e00000, 0x0000000800000000)
  region size 2048K, 14 young (28672K), 2 survivors (4096K)
 Metaspace       used 57569K, committed 57856K, reserved 1114112K
  class space    used 6402K, committed 6528K, reserved 1048576K
GC Heap History (20 events):
Event: 5.429 GC heap before
{Heap before GC invocations=8 (full 0):
 garbage-first heap   total 63488K, used 50676K [0x0000000704e00000, 0x0000000800000000)
  region size 2048K, 16 young (32768K), 1 survivors (2048K)
 Metaspace       used 41959K, committed 42240K, reserved 1114112K
  class space    used 5063K, committed 5184K, reserved 1048576K
}
Event: 5.437 GC heap after
{Heap after GC invocations=9 (full 0):
 garbage-first heap   total 63488K, used 25004K [0x0000000704e00000, 0x0000000800000000)
  region size 2048K, 2 young (4096K), 2 survivors (4096K)
 Metaspace       used 41959K, committed 42240K, reserved 1114112K
  class space    used 5063K, committed 5184K, reserved 1048576K
}
Event: 6.644 GC heap before
{Heap before GC invocations=9 (full 0):
 garbage-first heap   total 63488K, used 49580K [0x0000000704e00000, 0x0000000800000000)
  region size 2048K, 15 young (30720K), 2 survivors (4096K)
 Metaspace       used 45374K, committed 45632K, reserved 1114112K
  class space    used 5397K, committed 5504K, reserved 1048576K
}
Event: 6.660 GC heap after
{Heap after GC invocations=10 (full 0):
 garbage-first heap   total 65536K, used 31295K [0x0000000704e00000, 0x0000000800000000)
  region size 2048K, 2 young (4096K), 2 survivors (4096K)
 Metaspace       used 45374K, committed 45632K, reserved 1114112K
  class space    used 5397K, committed 5504K, reserved 1048576K
}
Event: 7.737 GC heap before
{Heap before GC invocations=10 (full 0):
 garbage-first heap   total 65536K, used 51775K [0x0000000704e00000, 0x0000000800000000)
  region size 2048K, 12 young (24576K), 2 survivors (4096K)
 Metaspace       used 46699K, committed 46976K, reserved 1114112K
  class space    used 5507K, committed 5632K, reserved 1048576K
}
Event: 7.750 GC heap after
{Heap after GC invocations=11 (full 0):
 garbage-first heap   total 79872K, used 37434K [0x0000000704e00000, 0x0000000800000000)
  region size 2048K, 2 young (4096K), 2 survivors (4096K)
 Metaspace       used 46699K, committed 46976K, reserved 1114112K
  class space    used 5507K, committed 5632K, reserved 1048576K
}
Event: 9.017 GC heap before
{Heap before GC invocations=11 (full 0):
 garbage-first heap   total 79872K, used 62010K [0x0000000704e00000, 0x0000000800000000)
  region size 2048K, 14 young (28672K), 2 survivors (4096K)
 Metaspace       used 50119K, committed 50432K, reserved 1114112K
  class space    used 5852K, committed 5952K, reserved 1048576K
}
Event: 9.029 GC heap after
{Heap after GC invocations=12 (full 0):
 garbage-first heap   total 79872K, used 42424K [0x0000000704e00000, 0x0000000800000000)
  region size 2048K, 2 young (4096K), 2 survivors (4096K)
 Metaspace       used 50119K, committed 50432K, reserved 1114112K
  class space    used 5852K, committed 5952K, reserved 1048576K
}
Event: 9.954 GC heap before
{Heap before GC invocations=12 (full 0):
 garbage-first heap   total 79872K, used 62904K [0x0000000704e00000, 0x0000000800000000)
  region size 2048K, 13 young (26624K), 2 survivors (4096K)
 Metaspace       used 51808K, committed 52096K, reserved 1114112K
  class space    used 6033K, committed 6144K, reserved 1048576K
}
Event: 9.966 GC heap after
{Heap after GC invocations=13 (full 0):
 garbage-first heap   total 79872K, used 47104K [0x0000000704e00000, 0x0000000800000000)
  region size 2048K, 2 young (4096K), 2 survivors (4096K)
 Metaspace       used 51808K, committed 52096K, reserved 1114112K
  class space    used 6033K, committed 6144K, reserved 1048576K
}
Event: 11.947 GC heap before
{Heap before GC invocations=14 (full 0):
 garbage-first heap   total 81920K, used 65536K [0x0000000704e00000, 0x0000000800000000)
  region size 2048K, 11 young (22528K), 2 survivors (4096K)
 Metaspace       used 53360K, committed 53696K, reserved 1114112K
  class space    used 6146K, committed 6272K, reserved 1048576K
}
Event: 11.958 GC heap after
{Heap after GC invocations=15 (full 0):
 garbage-first heap   total 81920K, used 50013K [0x0000000704e00000, 0x0000000800000000)
  region size 2048K, 2 young (4096K), 2 survivors (4096K)
 Metaspace       used 53360K, committed 53696K, reserved 1114112K
  class space    used 6146K, committed 6272K, reserved 1048576K
}
Event: 15.713 GC heap before
{Heap before GC invocations=15 (full 0):
 garbage-first heap   total 81920K, used 66397K [0x0000000704e00000, 0x0000000800000000)
  region size 2048K, 10 young (20480K), 2 survivors (4096K)
 Metaspace       used 54295K, committed 54592K, reserved 1114112K
  class space    used 6196K, committed 6336K, reserved 1048576K
}
Event: 15.727 GC heap after
{Heap after GC invocations=16 (full 0):
 garbage-first heap   total 81920K, used 51618K [0x0000000704e00000, 0x0000000800000000)
  region size 2048K, 2 young (4096K), 2 survivors (4096K)
 Metaspace       used 54295K, committed 54592K, reserved 1114112K
  class space    used 6196K, committed 6336K, reserved 1048576K
}
Event: 20.492 GC heap before
{Heap before GC invocations=16 (full 0):
 garbage-first heap   total 81920K, used 70050K [0x0000000704e00000, 0x0000000800000000)
  region size 2048K, 11 young (22528K), 2 survivors (4096K)
 Metaspace       used 54901K, committed 55168K, reserved 1114112K
  class space    used 6222K, committed 6336K, reserved 1048576K
}
Event: 20.506 GC heap after
{Heap after GC invocations=17 (full 0):
 garbage-first heap   total 81920K, used 54924K [0x0000000704e00000, 0x0000000800000000)
  region size 2048K, 2 young (4096K), 2 survivors (4096K)
 Metaspace       used 54901K, committed 55168K, reserved 1114112K
  class space    used 6222K, committed 6336K, reserved 1048576K
}
Event: 22.578 GC heap before
{Heap before GC invocations=18 (full 0):
 garbage-first heap   total 100352K, used 69260K [0x0000000704e00000, 0x0000000800000000)
  region size 2048K, 9 young (18432K), 2 survivors (4096K)
 Metaspace       used 55062K, committed 55360K, reserved 1114112K
  class space    used 6226K, committed 6336K, reserved 1048576K
}
Event: 22.588 GC heap after
{Heap after GC invocations=19 (full 0):
 garbage-first heap   total 100352K, used 57597K [0x0000000704e00000, 0x0000000800000000)
  region size 2048K, 2 young (4096K), 2 survivors (4096K)
 Metaspace       used 55062K, committed 55360K, reserved 1114112K
  class space    used 6226K, committed 6336K, reserved 1048576K
}
Event: 27.895 GC heap before
{Heap before GC invocations=19 (full 0):
 garbage-first heap   total 100352K, used 84221K [0x0000000704e00000, 0x0000000800000000)
  region size 2048K, 15 young (30720K), 2 survivors (4096K)
 Metaspace       used 55501K, committed 55808K, reserved 1114112K
  class space    used 6243K, committed 6336K, reserved 1048576K
}
Event: 27.927 GC heap after
{Heap after GC invocations=20 (full 0):
 garbage-first heap   total 100352K, used 60515K [0x0000000704e00000, 0x0000000800000000)
  region size 2048K, 2 young (4096K), 2 survivors (4096K)
 Metaspace       used 55501K, committed 55808K, reserved 1114112K
  class space    used 6243K, committed 6336K, reserved 1048576K
}

