# JRE version: Java(TM) SE Runtime Environment (21.0+35) (build 21+35-LTS-2513)
# Java VM: Java HotSpot(TM) 64-Bit Server VM (21+35-LTS-2513, mixed mode, sharing, tiered, compressed oops, compressed class ptrs, g1 gc, windows-amd64)
GC Precious Log:
 CardTable entry size: 512
 Card Set container configuration: InlinePtr #cards 4 size 8 Array Of Cards #cards 16 size 48 Howl #buckets 8 coarsen threshold 3686 Howl Bitmap #cards 512 size 80 coarsen threshold 460 Card regions per heap region 1 cards per card region 4096
 CPUs: 16 total, 16 available
 Memory: 16068M
 Large Page Support: Disabled
 NUMA Support: Disabled
 Compressed Oops: Enabled (Zero based)
 Heap Region Size: 2M
 Heap Min Capacity: 8M
 Heap Initial Capacity: 252M
 Heap Max Capacity: 4018M
 Pre-touch: Disabled
 Parallel Workers: 13
 Concurrent Workers: 3
 Concurrent Refinement Workers: 13
 Periodic GC: Disabled
Heap:
 garbage-first heap   total 63488K, used 39659K [0x0000000704e00000, 0x0000000800000000)
  region size 2048K, 11 young (22528K), 2 survivors (4096K)
 Metaspace       used 44797K, committed 45120K, reserved 1114112K
  class space    used 5386K, committed 5504K, reserved 1048576K
GC Heap History (14 events):
Event: 5.162 GC heap before
{Heap before GC invocations=0 (full 0):
 garbage-first heap   total 258048K, used 26624K [0x0000000704e00000, 0x0000000800000000)
  region size 2048K, 11 young (22528K), 0 survivors (0K)
 Metaspace       used 6005K, committed 6208K, reserved 1114112K
  class space    used 554K, committed 640K, reserved 1048576K
}
Event: 5.203 GC heap after
{Heap after GC invocations=1 (full 0):
 garbage-first heap   total 258048K, used 6975K [0x0000000704e00000, 0x0000000800000000)
  region size 2048K, 2 young (4096K), 2 survivors (4096K)
 Metaspace       used 6005K, committed 6208K, reserved 1114112K
  class space    used 554K, committed 640K, reserved 1048576K
}
Event: 9.179 GC heap before
{Heap before GC invocations=1 (full 0):
 garbage-first heap   total 258048K, used 41791K [0x0000000704e00000, 0x0000000800000000)
  region size 2048K, 20 young (40960K), 2 survivors (4096K)
 Metaspace       used 15267K, committed 15424K, reserved 1114112K
  class space    used 1733K, committed 1792K, reserved 1048576K
}
Event: 9.186 GC heap after
{Heap after GC invocations=2 (full 0):
 garbage-first heap   total 258048K, used 10240K [0x0000000704e00000, 0x0000000800000000)
  region size 2048K, 3 young (6144K), 3 survivors (6144K)
 Metaspace       used 15267K, committed 15424K, reserved 1114112K
  class space    used 1733K, committed 1792K, reserved 1048576K
}
Event: 9.909 GC heap before
{Heap before GC invocations=2 (full 0):
 garbage-first heap   total 258048K, used 26624K [0x0000000704e00000, 0x0000000800000000)
  region size 2048K, 12 young (24576K), 3 survivors (6144K)
 Metaspace       used 21282K, committed 21504K, reserved 1114112K
  class space    used 2937K, committed 3072K, reserved 1048576K
}
Event: 9.914 GC heap after
{Heap after GC invocations=3 (full 0):
 garbage-first heap   total 258048K, used 11207K [0x0000000704e00000, 0x0000000800000000)
  region size 2048K, 4 young (8192K), 4 survivors (8192K)
 Metaspace       used 21282K, committed 21504K, reserved 1114112K
  class space    used 2937K, committed 3072K, reserved 1048576K
}
Event: 11.175 GC heap before
{Heap before GC invocations=4 (full 0):
 garbage-first heap   total 49152K, used 48071K [0x0000000704e00000, 0x0000000800000000)
  region size 2048K, 22 young (45056K), 4 survivors (8192K)
 Metaspace       used 27699K, committed 27904K, reserved 1114112K
  class space    used 3680K, committed 3776K, reserved 1048576K
}
Event: 11.185 GC heap after
{Heap after GC invocations=5 (full 0):
 garbage-first heap   total 63488K, used 17450K [0x0000000704e00000, 0x0000000800000000)
  region size 2048K, 7 young (14336K), 7 survivors (14336K)
 Metaspace       used 27699K, committed 27904K, reserved 1114112K
  class space    used 3680K, committed 3776K, reserved 1048576K
}
Event: 11.613 GC heap before
{Heap before GC invocations=5 (full 0):
 garbage-first heap   total 63488K, used 39978K [0x0000000704e00000, 0x0000000800000000)
  region size 2048K, 18 young (36864K), 7 survivors (14336K)
 Metaspace       used 30998K, committed 31296K, reserved 1114112K
  class space    used 4013K, committed 4160K, reserved 1048576K
}
Event: 11.626 GC heap after
{Heap after GC invocations=6 (full 0):
 garbage-first heap   total 63488K, used 20921K [0x0000000704e00000, 0x0000000800000000)
  region size 2048K, 2 young (4096K), 2 survivors (4096K)
 Metaspace       used 30998K, committed 31296K, reserved 1114112K
  class space    used 4013K, committed 4160K, reserved 1048576K
}
Event: 12.096 GC heap before
{Heap before GC invocations=6 (full 0):
 garbage-first heap   total 63488K, used 41401K [0x0000000704e00000, 0x0000000800000000)
  region size 2048K, 13 young (26624K), 2 survivors (4096K)
 Metaspace       used 35879K, committed 36096K, reserved 1114112K
  class space    used 4458K, committed 4544K, reserved 1048576K
}
Event: 12.101 GC heap after
{Heap after GC invocations=7 (full 0):
 garbage-first heap   total 63488K, used 21899K [0x0000000704e00000, 0x0000000800000000)
  region size 2048K, 1 young (2048K), 1 survivors (2048K)
 Metaspace       used 35879K, committed 36096K, reserved 1114112K
  class space    used 4458K, committed 4544K, reserved 1048576K
}
Event: 13.090 GC heap before
{Heap before GC invocations=8 (full 0):
 garbage-first heap   total 63488K, used 52619K [0x0000000704e00000, 0x0000000800000000)
  region size 2048K, 16 young (32768K), 1 survivors (2048K)
 Metaspace       used 43682K, committed 43904K, reserved 1114112K
  class space    used 5267K, committed 5376K, reserved 1048576K
}
Event: 13.095 GC heap after
{Heap after GC invocations=9 (full 0):
 garbage-first heap   total 63488K, used 23275K [0x0000000704e00000, 0x0000000800000000)
  region size 2048K, 2 young (4096K), 2 survivors (4096K)
 Metaspace       used 43682K, committed 43904K, reserved 1114112K
  class space    used 5267K, committed 5376K, reserved 1048576K
}

