# JRE version: Java(TM) SE Runtime Environment (21.0+35) (build 21+35-LTS-2513)
# Java VM: Java HotSpot(TM) 64-Bit Server VM (21+35-LTS-2513, mixed mode, sharing, tiered, compressed oops, compressed class ptrs, g1 gc, windows-amd64)
GC Precious Log:
 CardTable entry size: 512
 Card Set container configuration: InlinePtr #cards 4 size 8 Array Of Cards #cards 16 size 48 Howl #buckets 8 coarsen threshold 3686 Howl Bitmap #cards 512 size 80 coarsen threshold 460 Card regions per heap region 1 cards per card region 4096
 CPUs: 16 total, 16 available
 Memory: 16068M
 Large Page Support: Disabled
 NUMA Support: Disabled
 Compressed Oops: Enabled (Zero based)
 Heap Region Size: 2M
 Heap Min Capacity: 8M
 Heap Initial Capacity: 252M
 Heap Max Capacity: 4018M
 Pre-touch: Disabled
 Parallel Workers: 13
 Concurrent Workers: 3
 Concurrent Refinement Workers: 13
 Periodic GC: Disabled
Heap:
 garbage-first heap   total 67584K, used 46558K [0x0000000704e00000, 0x0000000800000000)
  region size 2048K, 10 young (20480K), 2 survivors (4096K)
 Metaspace       used 45913K, committed 46208K, reserved 1114112K
  class space    used 5494K, committed 5632K, reserved 1048576K
GC Heap History (16 events):
Event: 0.515 GC heap before
{Heap before GC invocations=0 (full 0):
 garbage-first heap   total 258048K, used 24576K [0x0000000704e00000, 0x0000000800000000)
  region size 2048K, 11 young (22528K), 0 survivors (0K)
 Metaspace       used 6097K, committed 6272K, reserved 1114112K
  class space    used 563K, committed 640K, reserved 1048576K
}
Event: 0.518 GC heap after
{Heap after GC invocations=1 (full 0):
 garbage-first heap   total 258048K, used 6991K [0x0000000704e00000, 0x0000000800000000)
  region size 2048K, 2 young (4096K), 2 survivors (4096K)
 Metaspace       used 6097K, committed 6272K, reserved 1114112K
  class space    used 563K, committed 640K, reserved 1048576K
}
Event: 1.177 GC heap before
{Heap before GC invocations=1 (full 0):
 garbage-first heap   total 258048K, used 41807K [0x0000000704e00000, 0x0000000800000000)
  region size 2048K, 20 young (40960K), 2 survivors (4096K)
 Metaspace       used 15253K, committed 15424K, reserved 1114112K
  class space    used 1733K, committed 1792K, reserved 1048576K
}
Event: 1.182 GC heap after
{Heap after GC invocations=2 (full 0):
 garbage-first heap   total 258048K, used 10200K [0x0000000704e00000, 0x0000000800000000)
  region size 2048K, 3 young (6144K), 3 survivors (6144K)
 Metaspace       used 15253K, committed 15424K, reserved 1114112K
  class space    used 1733K, committed 1792K, reserved 1048576K
}
Event: 1.557 GC heap before
{Heap before GC invocations=2 (full 0):
 garbage-first heap   total 258048K, used 26584K [0x0000000704e00000, 0x0000000800000000)
  region size 2048K, 12 young (24576K), 3 survivors (6144K)
 Metaspace       used 21286K, committed 21504K, reserved 1114112K
  class space    used 2939K, committed 3072K, reserved 1048576K
}
Event: 1.561 GC heap after
{Heap after GC invocations=3 (full 0):
 garbage-first heap   total 258048K, used 11472K [0x0000000704e00000, 0x0000000800000000)
  region size 2048K, 4 young (8192K), 4 survivors (8192K)
 Metaspace       used 21286K, committed 21504K, reserved 1114112K
  class space    used 2939K, committed 3072K, reserved 1048576K
}
Event: 2.120 GC heap before
{Heap before GC invocations=4 (full 0):
 garbage-first heap   total 49152K, used 48336K [0x0000000704e00000, 0x0000000800000000)
  region size 2048K, 22 young (45056K), 4 survivors (8192K)
 Metaspace       used 27930K, committed 28160K, reserved 1114112K
  class space    used 3705K, committed 3840K, reserved 1048576K
}
Event: 2.128 GC heap after
{Heap after GC invocations=5 (full 0):
 garbage-first heap   total 63488K, used 16906K [0x0000000704e00000, 0x0000000800000000)
  region size 2048K, 7 young (14336K), 7 survivors (14336K)
 Metaspace       used 27930K, committed 28160K, reserved 1114112K
  class space    used 3705K, committed 3840K, reserved 1048576K
}
Event: 2.434 GC heap before
{Heap before GC invocations=5 (full 0):
 garbage-first heap   total 63488K, used 39434K [0x0000000704e00000, 0x0000000800000000)
  region size 2048K, 18 young (36864K), 7 survivors (14336K)
 Metaspace       used 31031K, committed 31296K, reserved 1114112K
  class space    used 4020K, committed 4160K, reserved 1048576K
}
Event: 2.445 GC heap after
{Heap after GC invocations=6 (full 0):
 garbage-first heap   total 63488K, used 20934K [0x0000000704e00000, 0x0000000800000000)
  region size 2048K, 2 young (4096K), 2 survivors (4096K)
 Metaspace       used 31031K, committed 31296K, reserved 1114112K
  class space    used 4020K, committed 4160K, reserved 1048576K
}
Event: 2.762 GC heap before
{Heap before GC invocations=6 (full 0):
 garbage-first heap   total 63488K, used 39366K [0x0000000704e00000, 0x0000000800000000)
  region size 2048K, 12 young (24576K), 2 survivors (4096K)
 Metaspace       used 35752K, committed 35968K, reserved 1114112K
  class space    used 4454K, committed 4544K, reserved 1048576K
}
Event: 2.765 GC heap after
{Heap after GC invocations=7 (full 0):
 garbage-first heap   total 63488K, used 22009K [0x0000000704e00000, 0x0000000800000000)
  region size 2048K, 1 young (2048K), 1 survivors (2048K)
 Metaspace       used 35752K, committed 35968K, reserved 1114112K
  class space    used 4454K, committed 4544K, reserved 1048576K
}
Event: 6.121 GC heap before
{Heap before GC invocations=8 (full 0):
 garbage-first heap   total 63488K, used 48633K [0x0000000704e00000, 0x0000000800000000)
  region size 2048K, 15 young (30720K), 1 survivors (2048K)
 Metaspace       used 43150K, committed 43392K, reserved 1114112K
  class space    used 5216K, committed 5312K, reserved 1048576K
}
Event: 6.125 GC heap after
{Heap after GC invocations=9 (full 0):
 garbage-first heap   total 63488K, used 22607K [0x0000000704e00000, 0x0000000800000000)
  region size 2048K, 2 young (4096K), 2 survivors (4096K)
 Metaspace       used 43150K, committed 43392K, reserved 1114112K
  class space    used 5216K, committed 5312K, reserved 1048576K
}
Event: 8.915 GC heap before
{Heap before GC invocations=9 (full 0):
 garbage-first heap   total 63488K, used 49231K [0x0000000704e00000, 0x0000000800000000)
  region size 2048K, 16 young (32768K), 2 survivors (4096K)
 Metaspace       used 44806K, committed 45120K, reserved 1114112K
  class space    used 5386K, committed 5504K, reserved 1048576K
}
Event: 8.933 GC heap after
{Heap after GC invocations=10 (full 0):
 garbage-first heap   total 67584K, used 32222K [0x0000000704e00000, 0x0000000800000000)
  region size 2048K, 2 young (4096K), 2 survivors (4096K)
 Metaspace       used 44806K, committed 45120K, reserved 1114112K
  class space    used 5386K, committed 5504K, reserved 1048576K
}

